INFO - 2025-01-06 02:04:49 --> Session: Class initialized using 'CodeIgniter\Session\Handlers\FileHandler' driver.
DEBUG - 2025-01-06 02:04:56 --> Login attempt - Email: john@example.com
DEBUG - 2025-01-06 02:04:57 --> Stored hash: $2y$10$ll8q9chKKhMZoY0q0S6vXOg96rZQPfNZeC6uzyuyLFd5MLrml4kLm
DEBUG - 2025-01-06 02:04:57 --> Submitted password: password123
INFO - 2025-01-06 02:04:57 --> Session: Class initialized using 'CodeIgniter\Session\Handlers\FileHandler' driver.
INFO - 2025-01-06 02:05:02 --> Session: Class initialized using 'CodeIgniter\Session\Handlers\FileHandler' driver.
CRITICAL - 2025-01-06 02:05:02 --> ErrorException: Attempt to read property "creator_id" on array
[Method: POST, Route: portfolio/update]
in APPPATH\Controllers\PortfolioController.php on line 84.
 1 APPPATH\Controllers\PortfolioController.php(84): CodeIgniter\Debug\Exceptions->errorHandler(2, 'Attempt to read property "creator_id" on array', 'D:\\XAMPP\\htdocs\\Tubes TST\\app\\Controllers\\PortfolioController.php', 84)
 2 SYSTEMPATH\CodeIgniter.php(933): App\Controllers\PortfolioController->update()
 3 SYSTEMPATH\CodeIgniter.php(509): CodeIgniter\CodeIgniter->runController(Object(App\Controllers\PortfolioController))
 4 SYSTEMPATH\CodeIgniter.php(355): CodeIgniter\CodeIgniter->handleRequest(null, Object(Config\Cache), false)
 5 SYSTEMPATH\Boot.php(325): CodeIgniter\CodeIgniter->run()
 6 SYSTEMPATH\Boot.php(67): CodeIgniter\Boot::runCodeIgniter(Object(CodeIgniter\CodeIgniter))
 7 FCPATH\index.php(56): CodeIgniter\Boot::bootWeb(Object(Config\Paths))
 8 SYSTEMPATH\rewrite.php(44): require_once('D:\\XAMPP\\htdocs\\Tubes TST\\public\\index.php')
INFO - 2025-01-06 02:10:03 --> Session: Class initialized using 'CodeIgniter\Session\Handlers\FileHandler' driver.
INFO - 2025-01-06 02:12:56 --> Session: Class initialized using 'CodeIgniter\Session\Handlers\FileHandler' driver.
CRITICAL - 2025-01-06 02:12:56 --> ErrorException: Undefined array key "creator_id"
[Method: GET, Route: portfolio/delete]
in APPPATH\Controllers\PortfolioController.php on line 135.
 1 APPPATH\Controllers\PortfolioController.php(135): CodeIgniter\Debug\Exceptions->errorHandler(2, 'Undefined array key "creator_id"', 'D:\\XAMPP\\htdocs\\Tubes TST\\app\\Controllers\\PortfolioController.php', 135)
 2 SYSTEMPATH\CodeIgniter.php(933): App\Controllers\PortfolioController->delete()
 3 SYSTEMPATH\CodeIgniter.php(509): CodeIgniter\CodeIgniter->runController(Object(App\Controllers\PortfolioController))
 4 SYSTEMPATH\CodeIgniter.php(355): CodeIgniter\CodeIgniter->handleRequest(null, Object(Config\Cache), false)
 5 SYSTEMPATH\Boot.php(325): CodeIgniter\CodeIgniter->run()
 6 SYSTEMPATH\Boot.php(67): CodeIgniter\Boot::runCodeIgniter(Object(CodeIgniter\CodeIgniter))
 7 FCPATH\index.php(56): CodeIgniter\Boot::bootWeb(Object(Config\Paths))
 8 SYSTEMPATH\rewrite.php(44): require_once('D:\\XAMPP\\htdocs\\Tubes TST\\public\\index.php')
INFO - 2025-01-06 02:14:26 --> Session: Class initialized using 'CodeIgniter\Session\Handlers\FileHandler' driver.
CRITICAL - 2025-01-06 02:14:26 --> Error: Call to undefined method App\Controllers\PortfolioController::asobject()
[Method: GET, Route: portfolio/delete]
in APPPATH\Controllers\PortfolioController.php on line 135.
 1 SYSTEMPATH\CodeIgniter.php(933): App\Controllers\PortfolioController->delete()
 2 SYSTEMPATH\CodeIgniter.php(509): CodeIgniter\CodeIgniter->runController(Object(App\Controllers\PortfolioController))
 3 SYSTEMPATH\CodeIgniter.php(355): CodeIgniter\CodeIgniter->handleRequest(null, Object(Config\Cache), false)
 4 SYSTEMPATH\Boot.php(325): CodeIgniter\CodeIgniter->run()
 5 SYSTEMPATH\Boot.php(67): CodeIgniter\Boot::runCodeIgniter(Object(CodeIgniter\CodeIgniter))
 6 FCPATH\index.php(56): CodeIgniter\Boot::bootWeb(Object(Config\Paths))
 7 SYSTEMPATH\rewrite.php(44): require_once('D:\\XAMPP\\htdocs\\Tubes TST\\public\\index.php')
INFO - 2025-01-06 02:16:18 --> Session: Class initialized using 'CodeIgniter\Session\Handlers\FileHandler' driver.
INFO - 2025-01-06 02:16:33 --> Session: Class initialized using 'CodeIgniter\Session\Handlers\FileHandler' driver.
INFO - 2025-01-06 02:18:41 --> Session: Class initialized using 'CodeIgniter\Session\Handlers\FileHandler' driver.
CRITICAL - 2025-01-06 02:18:41 --> TypeError: CodeIgniter\RESTful\ResourceController::fail(): Argument #2 ($status) must be of type int, null given, called in D:\XAMPP\htdocs\Tubes TST\app\Controllers\PortfolioController.php on line 131
[Method: GET, Route: portfolio/delete]
in SYSTEMPATH\API\ResponseTrait.php on line 128.
 1 APPPATH\Controllers\PortfolioController.php(131): CodeIgniter\RESTful\ResourceController->fail('Portfolio ID is required.', null)
 2 SYSTEMPATH\CodeIgniter.php(933): App\Controllers\PortfolioController->delete()
 3 SYSTEMPATH\CodeIgniter.php(509): CodeIgniter\CodeIgniter->runController(Object(App\Controllers\PortfolioController))
 4 SYSTEMPATH\CodeIgniter.php(355): CodeIgniter\CodeIgniter->handleRequest(null, Object(Config\Cache), false)
 5 SYSTEMPATH\Boot.php(325): CodeIgniter\CodeIgniter->run()
 6 SYSTEMPATH\Boot.php(67): CodeIgniter\Boot::runCodeIgniter(Object(CodeIgniter\CodeIgniter))
 7 FCPATH\index.php(56): CodeIgniter\Boot::bootWeb(Object(Config\Paths))
 8 SYSTEMPATH\rewrite.php(44): require_once('D:\\XAMPP\\htdocs\\Tubes TST\\public\\index.php')
CRITICAL - 2025-01-06 02:23:09 --> ErrorException: Declaration of App\Controllers\PortfolioController::delete() must be compatible with CodeIgniter\RESTful\ResourceController::delete($id = null)
[Method: GET, Route: portfolio/delete]
in APPPATH\Controllers\PortfolioController.php on line 123.
 1 [internal function]: CodeIgniter\Debug\Exceptions->shutdownHandler()
INFO - 2025-01-06 02:23:53 --> Session: Class initialized using 'CodeIgniter\Session\Handlers\FileHandler' driver.
DEBUG - 2025-01-06 02:23:53 --> URL ID: 
DEBUG - 2025-01-06 02:23:53 --> POST ID: 
INFO - 2025-01-06 02:24:50 --> Session: Class initialized using 'CodeIgniter\Session\Handlers\FileHandler' driver.
DEBUG - 2025-01-06 02:24:50 --> URL ID: 
DEBUG - 2025-01-06 02:24:50 --> POST ID: 1
INFO - 2025-01-06 02:27:20 --> Session: Class initialized using 'CodeIgniter\Session\Handlers\FileHandler' driver.
DEBUG - 2025-01-06 02:37:13 --> Category: 
DEBUG - 2025-01-06 02:37:13 --> Query: SELECT *
FROM `portfolios`
WHERE `category` IS NULL
DEBUG - 2025-01-06 02:37:13 --> Result: []
DEBUG - 2025-01-06 02:37:54 --> Received category: 
DEBUG - 2025-01-06 02:37:54 --> Final category used: 
DEBUG - 2025-01-06 02:37:54 --> Category: 
DEBUG - 2025-01-06 02:37:54 --> Query: SELECT *
FROM `portfolios`
WHERE `category` IS NULL
DEBUG - 2025-01-06 02:37:54 --> Result: []
DEBUG - 2025-01-06 02:38:06 --> Received category: 
DEBUG - 2025-01-06 02:38:06 --> Final category used: 
DEBUG - 2025-01-06 02:38:06 --> Category: 
DEBUG - 2025-01-06 02:38:06 --> Query: SELECT *
FROM `portfolios`
WHERE `category` IS NULL
DEBUG - 2025-01-06 02:38:06 --> Result: []
DEBUG - 2025-01-06 02:38:09 --> Received category: 
DEBUG - 2025-01-06 02:38:09 --> Final category used: 
DEBUG - 2025-01-06 02:38:09 --> Category: 
DEBUG - 2025-01-06 02:38:09 --> Query: SELECT *
FROM `portfolios`
WHERE `category` IS NULL
DEBUG - 2025-01-06 02:38:09 --> Result: []
DEBUG - 2025-01-06 02:39:08 --> Received category: 
DEBUG - 2025-01-06 02:39:08 --> Final category used: logo
DEBUG - 2025-01-06 02:39:08 --> Category: logo
DEBUG - 2025-01-06 02:39:08 --> Query: SELECT *
FROM `portfolios`
WHERE `category` = 'logo'
DEBUG - 2025-01-06 02:39:08 --> Result: [{"id":"2","creator_id":"2","title":"Logo Design 1","description":"deskripsi logo design 1","category":"logo","file_path":"uploads\/portfolios\/1736130440_88910cca474050ed836d.png","rating_count":"0","rating_average":"0.00","created_at":"2025-01-06 02:27:20","updated_at":"2025-01-06 02:27:20"}]
DEBUG - 2025-01-06 02:39:57 --> Category: logo
DEBUG - 2025-01-06 02:39:57 --> Query: SELECT *
FROM `portfolios`
WHERE `category` = 'logo'
DEBUG - 2025-01-06 02:39:57 --> Result: [{"id":"2","creator_id":"2","title":"Logo Design 1","description":"deskripsi logo design 1","category":"logo","file_path":"uploads\/portfolios\/1736130440_88910cca474050ed836d.png","rating_count":"0","rating_average":"0.00","created_at":"2025-01-06 02:27:20","updated_at":"2025-01-06 02:27:20"}]
INFO - 2025-01-06 02:50:50 --> Session: Class initialized using 'CodeIgniter\Session\Handlers\FileHandler' driver.
INFO - 2025-01-06 02:51:00 --> Session: Class initialized using 'CodeIgniter\Session\Handlers\FileHandler' driver.
INFO - 2025-01-06 02:51:03 --> Session: Class initialized using 'CodeIgniter\Session\Handlers\FileHandler' driver.
INFO - 2025-01-06 02:52:25 --> Session: Class initialized using 'CodeIgniter\Session\Handlers\FileHandler' driver.
DEBUG - 2025-01-06 02:52:25 --> Portfolio ID: 
DEBUG - 2025-01-06 02:52:25 --> Rating Value: 
INFO - 2025-01-06 03:22:20 --> Session: Class initialized using 'CodeIgniter\Session\Handlers\FileHandler' driver.
INFO - 2025-01-06 03:22:27 --> Session: Class initialized using 'CodeIgniter\Session\Handlers\FileHandler' driver.
INFO - 2025-01-06 03:22:31 --> Session: Class initialized using 'CodeIgniter\Session\Handlers\FileHandler' driver.
INFO - 2025-01-06 03:23:29 --> Session: Class initialized using 'CodeIgniter\Session\Handlers\FileHandler' driver.
INFO - 2025-01-06 03:23:31 --> Session: Class initialized using 'CodeIgniter\Session\Handlers\FileHandler' driver.
INFO - 2025-01-06 03:24:06 --> Session: Class initialized using 'CodeIgniter\Session\Handlers\FileHandler' driver.
INFO - 2025-01-06 03:25:20 --> Session: Class initialized using 'CodeIgniter\Session\Handlers\FileHandler' driver.
INFO - 2025-01-06 03:25:53 --> Session: Class initialized using 'CodeIgniter\Session\Handlers\FileHandler' driver.
DEBUG - 2025-01-06 04:22:39 --> Login attempt - Email: john@example.com
DEBUG - 2025-01-06 04:22:39 --> Stored hash: $2y$10$ll8q9chKKhMZoY0q0S6vXOg96rZQPfNZeC6uzyuyLFd5MLrml4kLm
DEBUG - 2025-01-06 04:22:39 --> Submitted password: password123
INFO - 2025-01-06 04:22:39 --> Session: Class initialized using 'CodeIgniter\Session\Handlers\FileHandler' driver.
DEBUG - 2025-01-06 08:50:35 --> Login attempt - Email: john@example.com
DEBUG - 2025-01-06 08:50:35 --> Stored hash: $2y$10$ll8q9chKKhMZoY0q0S6vXOg96rZQPfNZeC6uzyuyLFd5MLrml4kLm
DEBUG - 2025-01-06 08:50:35 --> Submitted password: password123
INFO - 2025-01-06 08:50:35 --> Session: Class initialized using 'CodeIgniter\Session\Handlers\FileHandler' driver.
ERROR - 2025-01-06 09:16:33 --> Error connecting to the database: mysqli_sql_exception: Access denied for user 'ci4user'@'localhost' to database 'digicreate' in /var/www/html/system/Database/MySQLi/Connection.php:186
Stack trace:
#0 /var/www/html/system/Database/MySQLi/Connection.php(186): mysqli->real_connect()
#1 /var/www/html/system/Database/BaseConnection.php(421): CodeIgniter\Database\MySQLi\Connection->connect()
#2 /var/www/html/system/Database/BaseConnection.php(616): CodeIgniter\Database\BaseConnection->initialize()
#3 /var/www/html/system/Database/BaseBuilder.php(1644): CodeIgniter\Database\BaseConnection->query()
#4 /var/www/html/system/Model.php(330): CodeIgniter\Database\BaseBuilder->get()
#5 /var/www/html/system/BaseModel.php(714): CodeIgniter\Model->doFirst()
#6 /var/www/html/app/Models/UserModel.php(16): CodeIgniter\BaseModel->first()
#7 /var/www/html/app/Controllers/UserController.php(62): App\Models\UserModel->getUserByEmail()
#8 /var/www/html/system/CodeIgniter.php(933): App\Controllers\UserController->login()
#9 /var/www/html/system/CodeIgniter.php(509): CodeIgniter\CodeIgniter->runController()
#10 /var/www/html/system/CodeIgniter.php(355): CodeIgniter\CodeIgniter->handleRequest()
#11 /var/www/html/system/Boot.php(325): CodeIgniter\CodeIgniter->run()
#12 /var/www/html/system/Boot.php(67): CodeIgniter\Boot::runCodeIgniter()
#13 /var/www/html/public/index.php(56): CodeIgniter\Boot::bootWeb()
#14 {main}

Next CodeIgniter\Database\Exceptions\DatabaseException: Access denied for user '****'@'localhost' to database 'digicreate' in /var/www/html/system/Database/MySQLi/Connection.php:231
Stack trace:
#0 /var/www/html/system/Database/BaseConnection.php(421): CodeIgniter\Database\MySQLi\Connection->connect()
#1 /var/www/html/system/Database/BaseConnection.php(616): CodeIgniter\Database\BaseConnection->initialize()
#2 /var/www/html/system/Database/BaseBuilder.php(1644): CodeIgniter\Database\BaseConnection->query()
#3 /var/www/html/system/Model.php(330): CodeIgniter\Database\BaseBuilder->get()
#4 /var/www/html/system/BaseModel.php(714): CodeIgniter\Model->doFirst()
#5 /var/www/html/app/Models/UserModel.php(16): CodeIgniter\BaseModel->first()
#6 /var/www/html/app/Controllers/UserController.php(62): App\Models\UserModel->getUserByEmail()
#7 /var/www/html/system/CodeIgniter.php(933): App\Controllers\UserController->login()
#8 /var/www/html/system/CodeIgniter.php(509): CodeIgniter\CodeIgniter->runController()
#9 /var/www/html/system/CodeIgniter.php(355): CodeIgniter\CodeIgniter->handleRequest()
#10 /var/www/html/system/Boot.php(325): CodeIgniter\CodeIgniter->run()
#11 /var/www/html/system/Boot.php(67): CodeIgniter\Boot::runCodeIgniter()
#12 /var/www/html/public/index.php(56): CodeIgniter\Boot::bootWeb()
#13 {main}
CRITICAL - 2025-01-06 09:16:33 --> CodeIgniter\Database\Exceptions\DatabaseException: Unable to connect to the database.
Main connection [MySQLi]: Access denied for user '****'@'localhost' to database 'digicreate'
[Method: POST, Route: users/login]
in SYSTEMPATH/Database/BaseConnection.php on line 467.
 1 SYSTEMPATH/Database/BaseConnection.php(616): CodeIgniter\Database\BaseConnection->initialize()
 2 SYSTEMPATH/Database/BaseBuilder.php(1644): CodeIgniter\Database\BaseConnection->query()
 3 SYSTEMPATH/Model.php(330): CodeIgniter\Database\BaseBuilder->get()
 4 SYSTEMPATH/BaseModel.php(714): CodeIgniter\Model->doFirst()
 5 APPPATH/Models/UserModel.php(16): CodeIgniter\BaseModel->first()
 6 APPPATH/Controllers/UserController.php(62): App\Models\UserModel->getUserByEmail()
 7 SYSTEMPATH/CodeIgniter.php(933): App\Controllers\UserController->login()
 8 SYSTEMPATH/CodeIgniter.php(509): CodeIgniter\CodeIgniter->runController()
 9 SYSTEMPATH/CodeIgniter.php(355): CodeIgniter\CodeIgniter->handleRequest()
10 SYSTEMPATH/Boot.php(325): CodeIgniter\CodeIgniter->run()
11 SYSTEMPATH/Boot.php(67): CodeIgniter\Boot::runCodeIgniter()
12 FCPATH/index.php(56): CodeIgniter\Boot::bootWeb()
ERROR - 2025-01-06 09:17:24 --> Error connecting to the database: mysqli_sql_exception: Access denied for user 'ci4user'@'localhost' to database 'digicreate' in /var/www/html/system/Database/MySQLi/Connection.php:186
Stack trace:
#0 /var/www/html/system/Database/MySQLi/Connection.php(186): mysqli->real_connect()
#1 /var/www/html/system/Database/BaseConnection.php(421): CodeIgniter\Database\MySQLi\Connection->connect()
#2 /var/www/html/system/Database/BaseConnection.php(616): CodeIgniter\Database\BaseConnection->initialize()
#3 /var/www/html/system/Database/BaseBuilder.php(1644): CodeIgniter\Database\BaseConnection->query()
#4 /var/www/html/system/Model.php(330): CodeIgniter\Database\BaseBuilder->get()
#5 /var/www/html/system/BaseModel.php(714): CodeIgniter\Model->doFirst()
#6 /var/www/html/app/Models/UserModel.php(16): CodeIgniter\BaseModel->first()
#7 /var/www/html/app/Controllers/UserController.php(62): App\Models\UserModel->getUserByEmail()
#8 /var/www/html/system/CodeIgniter.php(933): App\Controllers\UserController->login()
#9 /var/www/html/system/CodeIgniter.php(509): CodeIgniter\CodeIgniter->runController()
#10 /var/www/html/system/CodeIgniter.php(355): CodeIgniter\CodeIgniter->handleRequest()
#11 /var/www/html/system/Boot.php(325): CodeIgniter\CodeIgniter->run()
#12 /var/www/html/system/Boot.php(67): CodeIgniter\Boot::runCodeIgniter()
#13 /var/www/html/public/index.php(56): CodeIgniter\Boot::bootWeb()
#14 {main}

Next CodeIgniter\Database\Exceptions\DatabaseException: Access denied for user '****'@'localhost' to database 'digicreate' in /var/www/html/system/Database/MySQLi/Connection.php:231
Stack trace:
#0 /var/www/html/system/Database/BaseConnection.php(421): CodeIgniter\Database\MySQLi\Connection->connect()
#1 /var/www/html/system/Database/BaseConnection.php(616): CodeIgniter\Database\BaseConnection->initialize()
#2 /var/www/html/system/Database/BaseBuilder.php(1644): CodeIgniter\Database\BaseConnection->query()
#3 /var/www/html/system/Model.php(330): CodeIgniter\Database\BaseBuilder->get()
#4 /var/www/html/system/BaseModel.php(714): CodeIgniter\Model->doFirst()
#5 /var/www/html/app/Models/UserModel.php(16): CodeIgniter\BaseModel->first()
#6 /var/www/html/app/Controllers/UserController.php(62): App\Models\UserModel->getUserByEmail()
#7 /var/www/html/system/CodeIgniter.php(933): App\Controllers\UserController->login()
#8 /var/www/html/system/CodeIgniter.php(509): CodeIgniter\CodeIgniter->runController()
#9 /var/www/html/system/CodeIgniter.php(355): CodeIgniter\CodeIgniter->handleRequest()
#10 /var/www/html/system/Boot.php(325): CodeIgniter\CodeIgniter->run()
#11 /var/www/html/system/Boot.php(67): CodeIgniter\Boot::runCodeIgniter()
#12 /var/www/html/public/index.php(56): CodeIgniter\Boot::bootWeb()
#13 {main}
CRITICAL - 2025-01-06 09:17:24 --> CodeIgniter\Database\Exceptions\DatabaseException: Unable to connect to the database.
Main connection [MySQLi]: Access denied for user '****'@'localhost' to database 'digicreate'
[Method: POST, Route: users/login]
in SYSTEMPATH/Database/BaseConnection.php on line 467.
 1 SYSTEMPATH/Database/BaseConnection.php(616): CodeIgniter\Database\BaseConnection->initialize()
 2 SYSTEMPATH/Database/BaseBuilder.php(1644): CodeIgniter\Database\BaseConnection->query()
 3 SYSTEMPATH/Model.php(330): CodeIgniter\Database\BaseBuilder->get()
 4 SYSTEMPATH/BaseModel.php(714): CodeIgniter\Model->doFirst()
 5 APPPATH/Models/UserModel.php(16): CodeIgniter\BaseModel->first()
 6 APPPATH/Controllers/UserController.php(62): App\Models\UserModel->getUserByEmail()
 7 SYSTEMPATH/CodeIgniter.php(933): App\Controllers\UserController->login()
 8 SYSTEMPATH/CodeIgniter.php(509): CodeIgniter\CodeIgniter->runController()
 9 SYSTEMPATH/CodeIgniter.php(355): CodeIgniter\CodeIgniter->handleRequest()
10 SYSTEMPATH/Boot.php(325): CodeIgniter\CodeIgniter->run()
11 SYSTEMPATH/Boot.php(67): CodeIgniter\Boot::runCodeIgniter()
12 FCPATH/index.php(56): CodeIgniter\Boot::bootWeb()
ERROR - 2025-01-06 09:17:40 --> Error connecting to the database: mysqli_sql_exception: Access denied for user 'ci4user'@'localhost' to database 'digicreate' in /var/www/html/system/Database/MySQLi/Connection.php:186
Stack trace:
#0 /var/www/html/system/Database/MySQLi/Connection.php(186): mysqli->real_connect()
#1 /var/www/html/system/Database/BaseConnection.php(421): CodeIgniter\Database\MySQLi\Connection->connect()
#2 /var/www/html/system/Database/BaseConnection.php(616): CodeIgniter\Database\BaseConnection->initialize()
#3 /var/www/html/system/Database/BaseBuilder.php(1644): CodeIgniter\Database\BaseConnection->query()
#4 /var/www/html/system/Model.php(330): CodeIgniter\Database\BaseBuilder->get()
#5 /var/www/html/system/BaseModel.php(714): CodeIgniter\Model->doFirst()
#6 /var/www/html/app/Models/UserModel.php(16): CodeIgniter\BaseModel->first()
#7 /var/www/html/app/Controllers/UserController.php(62): App\Models\UserModel->getUserByEmail()
#8 /var/www/html/system/CodeIgniter.php(933): App\Controllers\UserController->login()
#9 /var/www/html/system/CodeIgniter.php(509): CodeIgniter\CodeIgniter->runController()
#10 /var/www/html/system/CodeIgniter.php(355): CodeIgniter\CodeIgniter->handleRequest()
#11 /var/www/html/system/Boot.php(325): CodeIgniter\CodeIgniter->run()
#12 /var/www/html/system/Boot.php(67): CodeIgniter\Boot::runCodeIgniter()
#13 /var/www/html/public/index.php(56): CodeIgniter\Boot::bootWeb()
#14 {main}

Next CodeIgniter\Database\Exceptions\DatabaseException: Access denied for user '****'@'localhost' to database 'digicreate' in /var/www/html/system/Database/MySQLi/Connection.php:231
Stack trace:
#0 /var/www/html/system/Database/BaseConnection.php(421): CodeIgniter\Database\MySQLi\Connection->connect()
#1 /var/www/html/system/Database/BaseConnection.php(616): CodeIgniter\Database\BaseConnection->initialize()
#2 /var/www/html/system/Database/BaseBuilder.php(1644): CodeIgniter\Database\BaseConnection->query()
#3 /var/www/html/system/Model.php(330): CodeIgniter\Database\BaseBuilder->get()
#4 /var/www/html/system/BaseModel.php(714): CodeIgniter\Model->doFirst()
#5 /var/www/html/app/Models/UserModel.php(16): CodeIgniter\BaseModel->first()
#6 /var/www/html/app/Controllers/UserController.php(62): App\Models\UserModel->getUserByEmail()
#7 /var/www/html/system/CodeIgniter.php(933): App\Controllers\UserController->login()
#8 /var/www/html/system/CodeIgniter.php(509): CodeIgniter\CodeIgniter->runController()
#9 /var/www/html/system/CodeIgniter.php(355): CodeIgniter\CodeIgniter->handleRequest()
#10 /var/www/html/system/Boot.php(325): CodeIgniter\CodeIgniter->run()
#11 /var/www/html/system/Boot.php(67): CodeIgniter\Boot::runCodeIgniter()
#12 /var/www/html/public/index.php(56): CodeIgniter\Boot::bootWeb()
#13 {main}
CRITICAL - 2025-01-06 09:17:40 --> CodeIgniter\Database\Exceptions\DatabaseException: Unable to connect to the database.
Main connection [MySQLi]: Access denied for user '****'@'localhost' to database 'digicreate'
[Method: POST, Route: users/login]
in SYSTEMPATH/Database/BaseConnection.php on line 467.
 1 SYSTEMPATH/Database/BaseConnection.php(616): CodeIgniter\Database\BaseConnection->initialize()
 2 SYSTEMPATH/Database/BaseBuilder.php(1644): CodeIgniter\Database\BaseConnection->query()
 3 SYSTEMPATH/Model.php(330): CodeIgniter\Database\BaseBuilder->get()
 4 SYSTEMPATH/BaseModel.php(714): CodeIgniter\Model->doFirst()
 5 APPPATH/Models/UserModel.php(16): CodeIgniter\BaseModel->first()
 6 APPPATH/Controllers/UserController.php(62): App\Models\UserModel->getUserByEmail()
 7 SYSTEMPATH/CodeIgniter.php(933): App\Controllers\UserController->login()
 8 SYSTEMPATH/CodeIgniter.php(509): CodeIgniter\CodeIgniter->runController()
 9 SYSTEMPATH/CodeIgniter.php(355): CodeIgniter\CodeIgniter->handleRequest()
10 SYSTEMPATH/Boot.php(325): CodeIgniter\CodeIgniter->run()
11 SYSTEMPATH/Boot.php(67): CodeIgniter\Boot::runCodeIgniter()
12 FCPATH/index.php(56): CodeIgniter\Boot::bootWeb()
CRITICAL - 2025-01-06 13:25:43 --> CodeIgniter\HTTP\Exceptions\HTTPException: Could not move file "phpVsAh6V" to "/var/www/html/writable/uploads/portfolios/". Reason: 
[Method: POST, Route: portfolio/create]
in SYSTEMPATH/HTTP/Files/UploadedFile.php on line 154.
 1 SYSTEMPATH/HTTP/Files/UploadedFile.php(154): CodeIgniter\HTTP\Exceptions\HTTPException::forMoveFailed('phpVsAh6V', '/var/www/html/writable/uploads/portfolios/', '')
 2 APPPATH/Controllers/PortfolioController.php(35): CodeIgniter\HTTP\Files\UploadedFile->move('/var/www/html/writable/uploads/portfolios/', '1736169943_138a1f1e5fadc5a46807.png')
 3 SYSTEMPATH/CodeIgniter.php(933): App\Controllers\PortfolioController->create()
 4 SYSTEMPATH/CodeIgniter.php(509): CodeIgniter\CodeIgniter->runController(Object(App\Controllers\PortfolioController))
 5 SYSTEMPATH/CodeIgniter.php(355): CodeIgniter\CodeIgniter->handleRequest(null, Object(Config\Cache), false)
 6 SYSTEMPATH/Boot.php(325): CodeIgniter\CodeIgniter->run()
 7 SYSTEMPATH/Boot.php(67): CodeIgniter\Boot::runCodeIgniter(Object(CodeIgniter\CodeIgniter))
 8 FCPATH/index.php(56): CodeIgniter\Boot::bootWeb(Object(Config\Paths))
CRITICAL - 2025-01-06 13:27:29 --> CodeIgniter\HTTP\Exceptions\HTTPException: Could not move file "phpwWFlDW" to "/var/www/html/writable/uploads/portfolios/". Reason: 
[Method: POST, Route: portfolio/create]
in SYSTEMPATH/HTTP/Files/UploadedFile.php on line 154.
 1 SYSTEMPATH/HTTP/Files/UploadedFile.php(154): CodeIgniter\HTTP\Exceptions\HTTPException::forMoveFailed('phpwWFlDW', '/var/www/html/writable/uploads/portfolios/', '')
 2 APPPATH/Controllers/PortfolioController.php(35): CodeIgniter\HTTP\Files\UploadedFile->move('/var/www/html/writable/uploads/portfolios/', '1736170049_3173ba14f4deea86d4e0.png')
 3 SYSTEMPATH/CodeIgniter.php(933): App\Controllers\PortfolioController->create()
 4 SYSTEMPATH/CodeIgniter.php(509): CodeIgniter\CodeIgniter->runController(Object(App\Controllers\PortfolioController))
 5 SYSTEMPATH/CodeIgniter.php(355): CodeIgniter\CodeIgniter->handleRequest(null, Object(Config\Cache), false)
 6 SYSTEMPATH/Boot.php(325): CodeIgniter\CodeIgniter->run()
 7 SYSTEMPATH/Boot.php(67): CodeIgniter\Boot::runCodeIgniter(Object(CodeIgniter\CodeIgniter))
 8 FCPATH/index.php(56): CodeIgniter\Boot::bootWeb(Object(Config\Paths))
CRITICAL - 2025-01-06 13:42:43 --> CodeIgniter\HTTP\Exceptions\HTTPException: Could not move file "phpp9FZSP" to "/var/www/html/writable/uploads/portfolios/". Reason: 
[Method: POST, Route: portfolio/create]
in SYSTEMPATH/HTTP/Files/UploadedFile.php on line 154.
 1 SYSTEMPATH/HTTP/Files/UploadedFile.php(154): CodeIgniter\HTTP\Exceptions\HTTPException::forMoveFailed('phpp9FZSP', '/var/www/html/writable/uploads/portfolios/', '')
 2 APPPATH/Controllers/PortfolioController.php(44): CodeIgniter\HTTP\Files\UploadedFile->move('/var/www/html/writable/uploads/portfolios/', '1736170963_89fb4c5eea01bba2bef5.png')
 3 SYSTEMPATH/CodeIgniter.php(933): App\Controllers\PortfolioController->create()
 4 SYSTEMPATH/CodeIgniter.php(509): CodeIgniter\CodeIgniter->runController(Object(App\Controllers\PortfolioController))
 5 SYSTEMPATH/CodeIgniter.php(355): CodeIgniter\CodeIgniter->handleRequest(null, Object(Config\Cache), false)
 6 SYSTEMPATH/Boot.php(325): CodeIgniter\CodeIgniter->run()
 7 SYSTEMPATH/Boot.php(67): CodeIgniter\Boot::runCodeIgniter(Object(CodeIgniter\CodeIgniter))
 8 FCPATH/index.php(56): CodeIgniter\Boot::bootWeb(Object(Config\Paths))
CRITICAL - 2025-01-06 13:44:44 --> CodeIgniter\HTTP\Exceptions\HTTPException: Could not move file "php362mVs" to "/var/www/html/writable/uploads/portfolios/". Reason: 
[Method: POST, Route: portfolio/create]
in SYSTEMPATH/HTTP/Files/UploadedFile.php on line 154.
 1 SYSTEMPATH/HTTP/Files/UploadedFile.php(154): CodeIgniter\HTTP\Exceptions\HTTPException::forMoveFailed('php362mVs', '/var/www/html/writable/uploads/portfolios/', '')
 2 APPPATH/Controllers/PortfolioController.php(44): CodeIgniter\HTTP\Files\UploadedFile->move('/var/www/html/writable/uploads/portfolios/', '1736171084_a92be7cfc8bb5d20379d.png')
 3 SYSTEMPATH/CodeIgniter.php(933): App\Controllers\PortfolioController->create()
 4 SYSTEMPATH/CodeIgniter.php(509): CodeIgniter\CodeIgniter->runController(Object(App\Controllers\PortfolioController))
 5 SYSTEMPATH/CodeIgniter.php(355): CodeIgniter\CodeIgniter->handleRequest(null, Object(Config\Cache), false)
 6 SYSTEMPATH/Boot.php(325): CodeIgniter\CodeIgniter->run()
 7 SYSTEMPATH/Boot.php(67): CodeIgniter\Boot::runCodeIgniter(Object(CodeIgniter\CodeIgniter))
 8 FCPATH/index.php(56): CodeIgniter\Boot::bootWeb(Object(Config\Paths))
CRITICAL - 2025-01-06 13:46:07 --> CodeIgniter\HTTP\Exceptions\HTTPException: Could not move file "phpMp2y5d" to "/var/www/html/writable/uploads/portfolios/". Reason: 
[Method: POST, Route: portfolio/create]
in SYSTEMPATH/HTTP/Files/UploadedFile.php on line 154.
 1 SYSTEMPATH/HTTP/Files/UploadedFile.php(154): CodeIgniter\HTTP\Exceptions\HTTPException::forMoveFailed('phpMp2y5d', '/var/www/html/writable/uploads/portfolios/', '')
 2 APPPATH/Controllers/PortfolioController.php(44): CodeIgniter\HTTP\Files\UploadedFile->move('/var/www/html/writable/uploads/portfolios/', '1736171167_d4ace57e287c967f26e4.png')
 3 SYSTEMPATH/CodeIgniter.php(933): App\Controllers\PortfolioController->create()
 4 SYSTEMPATH/CodeIgniter.php(509): CodeIgniter\CodeIgniter->runController(Object(App\Controllers\PortfolioController))
 5 SYSTEMPATH/CodeIgniter.php(355): CodeIgniter\CodeIgniter->handleRequest(null, Object(Config\Cache), false)
 6 SYSTEMPATH/Boot.php(325): CodeIgniter\CodeIgniter->run()
 7 SYSTEMPATH/Boot.php(67): CodeIgniter\Boot::runCodeIgniter(Object(CodeIgniter\CodeIgniter))
 8 FCPATH/index.php(56): CodeIgniter\Boot::bootWeb(Object(Config\Paths))
CRITICAL - 2025-01-06 13:47:42 --> CodeIgniter\HTTP\Exceptions\HTTPException: Could not move file "phpwUFUcL" to "/var/www/html/writable/uploads/portfolios/". Reason: 
[Method: POST, Route: portfolio/create]
in SYSTEMPATH/HTTP/Files/UploadedFile.php on line 154.
 1 SYSTEMPATH/HTTP/Files/UploadedFile.php(154): CodeIgniter\HTTP\Exceptions\HTTPException::forMoveFailed('phpwUFUcL', '/var/www/html/writable/uploads/portfolios/', '')
 2 APPPATH/Controllers/PortfolioController.php(44): CodeIgniter\HTTP\Files\UploadedFile->move('/var/www/html/writable/uploads/portfolios/', '1736171262_8c498d02bbe76196c423.png')
 3 SYSTEMPATH/CodeIgniter.php(933): App\Controllers\PortfolioController->create()
 4 SYSTEMPATH/CodeIgniter.php(509): CodeIgniter\CodeIgniter->runController(Object(App\Controllers\PortfolioController))
 5 SYSTEMPATH/CodeIgniter.php(355): CodeIgniter\CodeIgniter->handleRequest(null, Object(Config\Cache), false)
 6 SYSTEMPATH/Boot.php(325): CodeIgniter\CodeIgniter->run()
 7 SYSTEMPATH/Boot.php(67): CodeIgniter\Boot::runCodeIgniter(Object(CodeIgniter\CodeIgniter))
 8 FCPATH/index.php(56): CodeIgniter\Boot::bootWeb(Object(Config\Paths))
CRITICAL - 2025-01-06 13:50:47 --> ErrorException: Undefined variable $filepath
[Method: POST, Route: portfolio/create]
in APPPATH/Controllers/PortfolioController.php on line 57.
 1 APPPATH/Controllers/PortfolioController.php(57): CodeIgniter\Debug\Exceptions->errorHandler(2, 'Undefined variable $filepath', '/var/www/html/app/Controllers/PortfolioController.php', 57)
 2 SYSTEMPATH/CodeIgniter.php(933): App\Controllers\PortfolioController->create()
 3 SYSTEMPATH/CodeIgniter.php(509): CodeIgniter\CodeIgniter->runController(Object(App\Controllers\PortfolioController))
 4 SYSTEMPATH/CodeIgniter.php(355): CodeIgniter\CodeIgniter->handleRequest(null, Object(Config\Cache), false)
 5 SYSTEMPATH/Boot.php(325): CodeIgniter\CodeIgniter->run()
 6 SYSTEMPATH/Boot.php(67): CodeIgniter\Boot::runCodeIgniter(Object(CodeIgniter\CodeIgniter))
 7 FCPATH/index.php(56): CodeIgniter\Boot::bootWeb(Object(Config\Paths))
